#
# A fatal error has been detected by the Java Runtime Environment:
#
#  EXCEPTION_ACCESS_VIOLATION (0xc0000005) at pc=0x6d166b30, pid=5748, tid=5200
#
# JRE version: 6.0_23-b05
# Java VM: Java HotSpot(TM) Client VM (19.0-b09 mixed mode, sharing windows-x86 )
# Problematic frame:
# C  [awt.dll+0xb6b30]
#
# If you would like to submit a bug report, please visit:
#   http://java.sun.com/webapps/bugreport/crash.jsp
# The crash happened outside the Java Virtual Machine in native code.
# See problematic frame for where to report the bug.
#

---------------  T H R E A D  ---------------

Current thread (0x04e6e000):  JavaThread "AWT-Windows" daemon [_thread_in_native, id=5200, stack(0x05c20000,0x05e20000)]

siginfo: ExceptionCode=0xc0000005, reading address 0x00000000

Registers:
EAX=0x05e1f574, EBX=0x04e9dfe0, ECX=0x000000ae, EDX=0x000000c0
ESP=0x05e1f55c, EBP=0x05e1f708, ESI=0x00000000, EDI=0x000000c0
EIP=0x6d166b30, EFLAGS=0x00010206

Register to memory mapping:

EAX=0x05e1f574
0x05e1f574 is pointing into the stack for thread: 0x04e6e000
"AWT-Windows" daemon prio=6 tid=0x04e6e000 nid=0x1450 runnable [0x05e1f000]
   java.lang.Thread.State: RUNNABLE

EBX=0x04e9dfe0
0x04e9dfe0 is pointing to unknown location

ECX=0x000000ae
0x000000ae is pointing to unknown location

EDX=0x000000c0
0x000000c0 is pointing to unknown location

ESP=0x05e1f55c
0x05e1f55c is pointing into the stack for thread: 0x04e6e000
"AWT-Windows" daemon prio=6 tid=0x04e6e000 nid=0x1450 runnable [0x05e1f000]
   java.lang.Thread.State: RUNNABLE

EBP=0x05e1f708
0x05e1f708 is pointing into the stack for thread: 0x04e6e000
"AWT-Windows" daemon prio=6 tid=0x04e6e000 nid=0x1450 runnable [0x05e1f000]
   java.lang.Thread.State: RUNNABLE

ESI=0x00000000
0x00000000 is pointing to unknown location

EDI=0x000000c0
0x000000c0 is pointing to unknown location


Top of Stack: (sp=0x05e1f55c)
0x05e1f55c:   05e1f574 00001000 00000552 04e747f8
0x05e1f56c:   00000015 00000552 04e747f8 6d15ed4b
0x05e1f57c:   00000000 04e75fd4 04e747f8 04e747f8
0x05e1f58c:   05e1f56c 05e1f708 000002cc 00000552
0x05e1f59c:   04e747f8 6d16271f 44aa4000 44330000
0x05e1f5ac:   00000552 000002cc 04e75fc0 6d1631e1
0x05e1f5bc:   6d16367d 00000000 00000000 00000552
0x05e1f5cc:   00000015 00009824 04e6e118 00000001 

Instructions: (pc=0x6d166b30)
0x6d166b20:   05 00 20 00 00 50 c1 e2 05 8d 44 24 14 50 8b fa
0x6d166b30:   8b 16 57 c1 e1 05 51 56 ff 52 2c 85 c0 0f 8c 93 


Stack: [0x05c20000,0x05e20000],  sp=0x05e1f55c,  free space=2045k
Native frames: (J=compiled Java code, j=interpreted, Vv=VM code, C=native code)
C  [awt.dll+0xb6b30]
C  [awt.dll+0x9c74c]
C  [USER32.dll+0x186ef]
C  [USER32.dll+0x18876]
C  [USER32.dll+0x170f4]
C  [USER32.dll+0x1738f]
C  [ntdll.dll+0x4627e]
C  [USER32.dll+0x192a9]

Java frames: (J=compiled Java code, j=interpreted, Vv=VM code)
j  sun.awt.windows.WToolkit.eventLoop()V+0
j  sun.awt.windows.WToolkit.run()V+52
j  java.lang.Thread.run()V+11
v  ~StubRoutines::call_stub

---------------  P R O C E S S  ---------------

Java Threads: ( => current thread )
  0x0a685400 JavaThread "BlueJ compiler thread" [_thread_blocked, id=2136, stack(0x0a9e0000,0x0abe0000)]
  0x0a684800 JavaThread "vm-event-handler" [_thread_blocked, id=748, stack(0x0bc60000,0x0be60000)]
  0x0a683c00 JavaThread "JDI Target VM Interface" daemon [_thread_in_native, id=5440, stack(0x0ba60000,0x0bc60000)]
  0x0a683400 JavaThread "JDI Internal Event Handler" daemon [_thread_blocked, id=5884, stack(0x0b660000,0x0b860000)]
  0x0a683000 JavaThread "BlueJ I/O Handler" [_thread_blocked, id=6076, stack(0x0adf0000,0x0aff0000)]
  0x0a682800 JavaThread "BlueJ I/O Handler" [_thread_in_native, id=5244, stack(0x08490000,0x08690000)]
  0x0a682400 JavaThread "BlueJ I/O Handler" [_thread_in_native, id=5788, stack(0x08290000,0x08490000)]
  0x04f6c400 JavaThread "TimerQueue" daemon [_thread_blocked, id=4988, stack(0x093c0000,0x095c0000)]
  0x04e85400 JavaThread "D3D Screen Updater" daemon [_thread_blocked, id=1340, stack(0x08aa0000,0x08ca0000)]
  0x04e7ec00 JavaThread "AWT-EventQueue-0" [_thread_in_native, id=3596, stack(0x08090000,0x08290000)]
=>0x04e6e000 JavaThread "AWT-Windows" daemon [_thread_in_native, id=5200, stack(0x05c20000,0x05e20000)]
  0x04e6d800 JavaThread "AWT-Shutdown" [_thread_blocked, id=2188, stack(0x05a20000,0x05c20000)]
  0x04e67c00 JavaThread "Java2D Disposer" daemon [_thread_blocked, id=5416, stack(0x05820000,0x05a20000)]
  0x0176dc00 JavaThread "Low Memory Detector" daemon [_thread_blocked, id=5896, stack(0x048a0000,0x04aa0000)]
  0x0175ec00 JavaThread "CompilerThread0" daemon [_thread_blocked, id=3256, stack(0x046a0000,0x048a0000)]
  0x0175d400 JavaThread "Attach Listener" daemon [_thread_blocked, id=1036, stack(0x044a0000,0x046a0000)]
  0x0175a400 JavaThread "Signal Dispatcher" daemon [_thread_blocked, id=5100, stack(0x042a0000,0x044a0000)]
  0x01757400 JavaThread "Finalizer" daemon [_thread_blocked, id=3976, stack(0x040a0000,0x042a0000)]
  0x01752800 JavaThread "Reference Handler" daemon [_thread_blocked, id=5460, stack(0x03ea0000,0x040a0000)]
  0x01731800 JavaThread "main" [_thread_blocked, id=5652, stack(0x00030000,0x00230000)]

Other Threads:
  0x01750800 VMThread [stack: 0x03ca0000,0x03ea0000] [id=5172]
  0x0176f400 WatcherThread [stack: 0x04aa0000,0x04ca0000] [id=5240]

VM state:not at safepoint (normal execution)

VM Mutex/Monitor currently owned by a thread: None

Heap
 def new generation   total 6144K, used 3298K [0x23ba0000, 0x24240000, 0x290f0000)
  eden space 5504K,  59% used [0x23ba0000, 0x23ed7fa0, 0x24100000)
  from space 640K,   0% used [0x241a0000, 0x241a0a80, 0x24240000)
  to   space 640K,   0% used [0x24100000, 0x24100000, 0x241a0000)
 tenured generation   total 13420K, used 8425K [0x290f0000, 0x29e0b000, 0x33ba0000)
   the space 13420K,  62% used [0x290f0000, 0x2992a700, 0x2992a800, 0x29e0b000)
 compacting perm gen  total 12288K, used 8307K [0x33ba0000, 0x347a0000, 0x37ba0000)
   the space 12288K,  67% used [0x33ba0000, 0x343bcf08, 0x343bd000, 0x347a0000)
    ro space 10240K,  54% used [0x37ba0000, 0x3811c6b0, 0x3811c800, 0x385a0000)
    rw space 12288K,  55% used [0x385a0000, 0x38c401f0, 0x38c40200, 0x391a0000)

Dynamic libraries:
0x00400000 - 0x00493000 	C:\BlueJ\bluej.exe
0x77720000 - 0x7785d000 	C:\Windows\SYSTEM32\ntdll.dll
0x77640000 - 0x77714000 	C:\Windows\system32\kernel32.dll
0x75a60000 - 0x75aaa000 	C:\Windows\system32\KERNELBASE.dll
0x70490000 - 0x704cc000 	C:\Program Files\Alwil Software\Avast5\snxhk.dll
0x75ce0000 - 0x75d80000 	C:\Windows\system32\ADVAPI32.DLL
0x778a0000 - 0x7794c000 	C:\Windows\system32\msvcrt.dll
0x76a60000 - 0x76a79000 	C:\Windows\SYSTEM32\sechost.dll
0x77040000 - 0x770e1000 	C:\Windows\system32\RPCRT4.dll
0x769e0000 - 0x76a5b000 	C:\Windows\system32\COMDLG32.DLL
0x770f0000 - 0x77147000 	C:\Windows\system32\SHLWAPI.dll
0x775f0000 - 0x7763e000 	C:\Windows\system32\GDI32.dll
0x774f0000 - 0x775b9000 	C:\Windows\system32\USER32.dll
0x75d80000 - 0x75d8a000 	C:\Windows\system32\LPK.dll
0x76b50000 - 0x76bed000 	C:\Windows\system32\USP10.dll
0x70f90000 - 0x71014000 	C:\Windows\WinSxS\x86_microsoft.windows.common-controls_6595b64144ccf1df_5.82.7600.16661_none_ebfb56996c72aefc\COMCTL32.dll
0x75d90000 - 0x769d9000 	C:\Windows\system32\SHELL32.dll
0x74d40000 - 0x74d49000 	C:\Windows\system32\VERSION.dll
0x77150000 - 0x7716f000 	C:\Windows\system32\IMM32.DLL
0x76a80000 - 0x76b4c000 	C:\Windows\system32\MSCTF.dll
0x7c340000 - 0x7c396000 	C:\Program Files\Java\jdk1.6.0_23\jre\bin\msvcr71.dll
0x6d8a0000 - 0x6db4c000 	C:\Program Files\Java\jdk1.6.0_23\jre\bin\client\jvm.dll
0x74150000 - 0x74182000 	C:\Windows\system32\WINMM.dll
0x757f0000 - 0x7583b000 	C:\Windows\system32\apphelp.dll
0x6d850000 - 0x6d85c000 	C:\Program Files\Java\jdk1.6.0_23\jre\bin\verify.dll
0x6d3d0000 - 0x6d3ef000 	C:\Program Files\Java\jdk1.6.0_23\jre\bin\java.dll
0x6d330000 - 0x6d338000 	C:\Program Files\Java\jdk1.6.0_23\jre\bin\hpi.dll
0x76bf0000 - 0x76bf5000 	C:\Windows\system32\PSAPI.DLL
0x6d890000 - 0x6d89f000 	C:\Program Files\Java\jdk1.6.0_23\jre\bin\zip.dll
0x6d0b0000 - 0x6d1fa000 	C:\Program Files\Java\jdk1.6.0_23\jre\bin\awt.dll
0x70290000 - 0x702e1000 	C:\Windows\system32\WINSPOOL.DRV
0x76ee0000 - 0x7703c000 	C:\Windows\system32\ole32.dll
0x75370000 - 0x75386000 	C:\Windows\system32\CRYPTSP.dll
0x75110000 - 0x7514b000 	C:\Windows\system32\rsaenh.dll
0x74ee0000 - 0x74ef7000 	C:\Windows\system32\USERENV.dll
0x758c0000 - 0x758cb000 	C:\Windows\system32\profapi.dll
0x75840000 - 0x7584c000 	C:\Windows\system32\CRYPTBASE.dll
0x6d6b0000 - 0x6d6c3000 	C:\Program Files\Java\jdk1.6.0_23\jre\bin\net.dll
0x77860000 - 0x77895000 	C:\Windows\system32\WS2_32.dll
0x77490000 - 0x77496000 	C:\Windows\system32\NSI.dll
0x75330000 - 0x7536c000 	C:\Windows\system32\mswsock.dll
0x75320000 - 0x75326000 	C:\Windows\System32\wship6.dll
0x73ff0000 - 0x74000000 	C:\Windows\system32\NLAapi.dll
0x751f0000 - 0x75234000 	C:\Windows\system32\DNSAPI.dll
0x706e0000 - 0x706e8000 	C:\Windows\System32\winrnr.dll
0x706d0000 - 0x706e0000 	C:\Windows\system32\napinsp.dll
0x70600000 - 0x70612000 	C:\Windows\system32\pnrpnsp.dll
0x705f0000 - 0x705fd000 	C:\Windows\system32\wshbth.dll
0x705c0000 - 0x705e4000 	C:\Program Files\Common Files\Microsoft Shared\Windows Live\WLIDNSP.DLL
0x70590000 - 0x705b1000 	C:\Program Files\Bonjour\mdnsNSP.dll
0x73710000 - 0x7372c000 	C:\Windows\system32\Iphlpapi.DLL
0x73700000 - 0x73707000 	C:\Windows\system32\WINNSI.DLL
0x74e10000 - 0x74e15000 	C:\Windows\System32\wshtcpip.dll
0x704d0000 - 0x704d6000 	C:\Windows\system32\rasadhlp.dll
0x71ed0000 - 0x71f08000 	C:\Windows\System32\fwpuclnt.dll
0x6d4f0000 - 0x6d515000 	C:\Program Files\Java\jdk1.6.0_23\jre\bin\jpeg.dll
0x74320000 - 0x74333000 	C:\Windows\system32\DWMAPI.DLL
0x74650000 - 0x74690000 	C:\Windows\system32\uxtheme.dll
0x6d2e0000 - 0x6d32f000 	C:\Program Files\Java\jdk1.6.0_23\jre\bin\fontmanager.dll
0x10000000 - 0x1007c000 	C:\Program Files\DigitalPersona\Bin\DpoFeedb.dll
0x77400000 - 0x7748f000 	C:\Windows\system32\OLEAUT32.dll
0x051c0000 - 0x0521b000 	C:\Program Files\DigitalPersona\Bin\DpoSet.dll
0x72070000 - 0x72233000 	C:\Windows\system32\d3d9.dll
0x73dc0000 - 0x73dc6000 	C:\Windows\system32\d3d8thk.dll
0x5f430000 - 0x5f72d000 	C:\Windows\system32\atiumdag.dll
0x5f150000 - 0x5f424000 	C:\Windows\system32\atiumdva.dll
0x6d6d0000 - 0x6d6d9000 	C:\Program Files\Java\jdk1.6.0_23\jre\bin\nio.dll
0x6d2a0000 - 0x6d2a8000 	C:\Program Files\Java\jdk1.6.0_23\jre\bin\dt_shmem.dll
0x6d600000 - 0x6d609000 	C:\Program Files\Java\jdk1.6.0_23\jre\bin\management.dll
0x05240000 - 0x05248000 	C:\Program Files\Internet Download Manager\idmmkb.dll
0x77170000 - 0x771f3000 	C:\Windows\system32\CLBCatQ.DLL

VM Arguments:
java_command: <unknown>
Launcher Type: generic

Environment Variables:
CLASSPATH=.;C:\Program Files\Java\jre6\lib\ext\QTJava.zip
PATH=C:\Program Files\PC Connectivity Solution\;C:\Program Files\NVIDIA Corporation\PhysX\Common;C:\Program Files\Common Files\Microsoft Shared\Windows Live;C:\WinAVR-20071221\bin;C:\WinAVR-20071221\utils\bin;C:\Windows\system32;C:\Windows;C:\Windows\System32\Wbem;C:\Windows\System32\WindowsPowerShell\v1.0\;C:\Cadence\SPB_16.3\tools\bin;C:\Cadence\SPB_16.3\tools\libutil\bin;C:\Cadence\SPB_16.3\tools\fet\bin;C:\Cadence\SPB_16.3\tools\pcb\bin;C:\Cadence\SPB_16.3\tools\specctra\bin;C:\Cadence\SPB_16.3\tools\PSpice;C:\Cadence\SPB_16.3\tools\PSpice\Library;C:\Cadence\SPB_16.3\tools\Capture;C:\Cadence\SPB_16.3\OpenAccess\bin\win32\opt;C:\Program Files\ATI Technologies\ATI.ACE\Core-Static;C:\Program Files\Microchip\MPLAB C32 Suite\bin;C:\Program Files\Microchip\MPLAB IDE\VDI;C:\Program Files\MATLAB\R2009a\bin;C:\Program Files\MATLAB\R2009a\bin\win32;C:\Program Files\Broadcom\Broadcom 802.11\Driver;C:\Program Files\Microsoft ASP.NET\ASP.NET Web Pages\v1.0\;C:\Program Files\Windows Kits\8.0\Windows Performance Toolkit\;C:\Program Files\Microsoft SQL Server\110\Tools\Binn\;C:\Program Files\QuickTime\QTSystem\;C:\SB Common Lisp\1.0.52\;C:\Program Files\Common Files\Microsoft Shared\Windows Live
USERNAME=Aritra
OS=Windows_NT
PROCESSOR_IDENTIFIER=x86 Family 6 Model 23 Stepping 10, GenuineIntel



---------------  S Y S T E M  ---------------

OS: Windows 7 Build 7600 

CPU:total 2 (2 cores per cpu, 1 threads per core) family 6 model 23 stepping 10, cmov, cx8, fxsr, mmx, sse, sse2, sse3, ssse3, sse4.1

Memory: 4k page, physical 3112128k(1766020k free), swap 6222492k(4587816k free)

vm_info: Java HotSpot(TM) Client VM (19.0-b09) for windows-x86 JRE (1.6.0_23-b05), built on Nov 12 2010 15:00:43 by "java_re" with MS VC++ 7.1 (VS2003)

time: Fri Aug 24 22:24:47 2012
elapsed time: 7254 seconds

